[Thu Dec 10 13:48:17.957054 2020] [ssl:warn] [pid 9332:tid 608] AH01909: localhost:443:0 server certificate does NOT include an ID which matches the server name
[Thu Dec 10 13:48:18.092439 2020] [ssl:warn] [pid 9332:tid 608] AH01909: localhost:443:0 server certificate does NOT include an ID which matches the server name
[Thu Dec 10 13:48:18.747292 2020] [mpm_winnt:notice] [pid 9332:tid 608] AH00455: Apache/2.4.46 (Win64) OpenSSL/1.1.1h PHP/7.4.12 configured -- resuming normal operations
[Thu Dec 10 13:48:18.747292 2020] [mpm_winnt:notice] [pid 9332:tid 608] AH00456: Apache Lounge VC15 Server built: Oct  3 2020 12:58:33
[Thu Dec 10 13:48:18.747292 2020] [core:notice] [pid 9332:tid 608] AH00094: Command line: 'D:\\WORDPR~1\\WORDPR~1\\apache2\\bin\\httpd.exe -d D:/wordpress/wordpress/apache2 -f D:\\WORDPR~1\\WORDPR~1\\apache2\\conf\\httpd.conf'
[Thu Dec 10 13:48:18.751237 2020] [mpm_winnt:notice] [pid 9332:tid 608] AH00418: Parent: Created child process 15860
[Thu Dec 10 13:48:19.122288 2020] [ssl:warn] [pid 15860:tid 572] AH01909: localhost:443:0 server certificate does NOT include an ID which matches the server name
[Thu Dec 10 13:48:19.180129 2020] [ssl:warn] [pid 15860:tid 572] AH01909: localhost:443:0 server certificate does NOT include an ID which matches the server name
[Thu Dec 10 13:48:19.196041 2020] [mpm_winnt:notice] [pid 15860:tid 572] AH00354: Child: Starting 64 worker threads.
[Thu Dec 10 13:48:26.237621 2020] [mpm_winnt:notice] [pid 9332:tid 608] AH00422: Parent: Received shutdown signal -- Shutting down the server.
[Thu Dec 10 13:48:28.240682 2020] [mpm_winnt:notice] [pid 15860:tid 572] AH00364: Child: All worker threads have exited.
[Thu Dec 10 13:48:28.369369 2020] [mpm_winnt:notice] [pid 9332:tid 608] AH00430: Parent: Child process 15860 exited successfully.
[Thu Dec 10 13:48:30.430579 2020] [ssl:warn] [pid 2076:tid 704] AH01909: localhost:443:0 server certificate does NOT include an ID which matches the server name
[Thu Dec 10 13:48:30.481447 2020] [ssl:warn] [pid 2076:tid 704] AH01909: localhost:443:0 server certificate does NOT include an ID which matches the server name
[Thu Dec 10 13:48:30.496394 2020] [mpm_winnt:notice] [pid 2076:tid 704] AH00455: Apache/2.4.46 (Win64) OpenSSL/1.1.1h PHP/7.4.12 configured -- resuming normal operations
[Thu Dec 10 13:48:30.496394 2020] [mpm_winnt:notice] [pid 2076:tid 704] AH00456: Apache Lounge VC15 Server built: Oct  3 2020 12:58:33
[Thu Dec 10 13:48:30.496394 2020] [core:notice] [pid 2076:tid 704] AH00094: Command line: 'D:\\WORDPR~1\\WORDPR~1\\apache2\\bin\\httpd.exe -d D:/wordpress/wordpress/apache2 -f D:\\WORDPR~1\\WORDPR~1\\apache2\\conf\\httpd.conf'
[Thu Dec 10 13:48:30.499358 2020] [mpm_winnt:notice] [pid 2076:tid 704] AH00418: Parent: Created child process 8008
[Thu Dec 10 13:48:30.780643 2020] [ssl:warn] [pid 8008:tid 636] AH01909: localhost:443:0 server certificate does NOT include an ID which matches the server name
[Thu Dec 10 13:48:30.836500 2020] [ssl:warn] [pid 8008:tid 636] AH01909: localhost:443:0 server certificate does NOT include an ID which matches the server name
[Thu Dec 10 13:48:30.851417 2020] [mpm_winnt:notice] [pid 8008:tid 636] AH00354: Child: Starting 64 worker threads.
[Thu Dec 10 13:49:05.212038 2020] [mpm_winnt:notice] [pid 2076:tid 704] AH00422: Parent: Received shutdown signal -- Shutting down the server.
[Thu Dec 10 13:49:07.213329 2020] [mpm_winnt:notice] [pid 8008:tid 636] AH00364: Child: All worker threads have exited.
[Thu Dec 10 13:49:07.240061 2020] [mpm_winnt:notice] [pid 2076:tid 704] AH00430: Parent: Child process 8008 exited successfully.
[Thu Dec 10 13:49:09.112357 2020] [ssl:warn] [pid 9656:tid 768] AH01909: localhost:443:0 server certificate does NOT include an ID which matches the server name
[Thu Dec 10 13:49:09.164222 2020] [ssl:warn] [pid 9656:tid 768] AH01909: localhost:443:0 server certificate does NOT include an ID which matches the server name
[Thu Dec 10 13:49:09.177187 2020] [mpm_winnt:notice] [pid 9656:tid 768] AH00455: Apache/2.4.46 (Win64) OpenSSL/1.1.1h PHP/7.4.12 configured -- resuming normal operations
[Thu Dec 10 13:49:09.177187 2020] [mpm_winnt:notice] [pid 9656:tid 768] AH00456: Apache Lounge VC15 Server built: Oct  3 2020 12:58:33
[Thu Dec 10 13:49:09.177187 2020] [core:notice] [pid 9656:tid 768] AH00094: Command line: 'D:\\WORDPR~1\\WORDPR~1\\apache2\\bin\\httpd.exe -d D:/wordpress/wordpress/apache2 -f D:\\WORDPR~1\\WORDPR~1\\apache2\\conf\\httpd.conf'
[Thu Dec 10 13:49:09.180138 2020] [mpm_winnt:notice] [pid 9656:tid 768] AH00418: Parent: Created child process 1032
[Thu Dec 10 13:49:09.437928 2020] [ssl:warn] [pid 1032:tid 592] AH01909: localhost:443:0 server certificate does NOT include an ID which matches the server name
[Thu Dec 10 13:49:09.493741 2020] [ssl:warn] [pid 1032:tid 592] AH01909: localhost:443:0 server certificate does NOT include an ID which matches the server name
[Thu Dec 10 13:49:09.509738 2020] [mpm_winnt:notice] [pid 1032:tid 592] AH00354: Child: Starting 64 worker threads.
[Thu Dec 10 14:04:32.528460 2020] [mpm_winnt:notice] [pid 9656:tid 768] AH00428: Parent: child process 1032 exited with status 3221226356 -- Restarting.
[Thu Dec 10 14:04:33.010823 2020] [ssl:warn] [pid 9656:tid 768] AH01909: localhost:443:0 server certificate does NOT include an ID which matches the server name
[Thu Dec 10 14:04:33.175536 2020] [mpm_winnt:notice] [pid 9656:tid 768] AH00455: Apache/2.4.46 (Win64) OpenSSL/1.1.1h PHP/7.4.12 configured -- resuming normal operations
[Thu Dec 10 14:04:33.175536 2020] [mpm_winnt:notice] [pid 9656:tid 768] AH00456: Apache Lounge VC15 Server built: Oct  3 2020 12:58:33
[Thu Dec 10 14:04:33.175536 2020] [core:notice] [pid 9656:tid 768] AH00094: Command line: 'D:\\WORDPR~1\\WORDPR~1\\apache2\\bin\\httpd.exe -d D:/wordpress/wordpress/apache2 -f D:\\WORDPR~1\\WORDPR~1\\apache2\\conf\\httpd.conf'
[Thu Dec 10 14:04:33.179488 2020] [mpm_winnt:notice] [pid 9656:tid 768] AH00418: Parent: Created child process 10464
[Thu Dec 10 14:04:33.475695 2020] [ssl:warn] [pid 10464:tid 636] AH01909: localhost:443:0 server certificate does NOT include an ID which matches the server name
[Thu Dec 10 14:04:33.538108 2020] [ssl:warn] [pid 10464:tid 636] AH01909: localhost:443:0 server certificate does NOT include an ID which matches the server name
[Thu Dec 10 14:04:33.562042 2020] [mpm_winnt:notice] [pid 10464:tid 636] AH00354: Child: Starting 64 worker threads.
[Thu Dec 10 15:06:44.239565 2020] [mpm_winnt:notice] [pid 9656:tid 768] AH00428: Parent: child process 10464 exited with status 3221226356 -- Restarting.
[Thu Dec 10 15:06:44.803209 2020] [ssl:warn] [pid 9656:tid 768] AH01909: localhost:443:0 server certificate does NOT include an ID which matches the server name
[Thu Dec 10 15:06:45.009674 2020] [mpm_winnt:notice] [pid 9656:tid 768] AH00455: Apache/2.4.46 (Win64) OpenSSL/1.1.1h PHP/7.4.12 configured -- resuming normal operations
[Thu Dec 10 15:06:45.009674 2020] [mpm_winnt:notice] [pid 9656:tid 768] AH00456: Apache Lounge VC15 Server built: Oct  3 2020 12:58:33
[Thu Dec 10 15:06:45.009674 2020] [core:notice] [pid 9656:tid 768] AH00094: Command line: 'D:\\WORDPR~1\\WORDPR~1\\apache2\\bin\\httpd.exe -d D:/wordpress/wordpress/apache2 -f D:\\WORDPR~1\\WORDPR~1\\apache2\\conf\\httpd.conf'
[Thu Dec 10 15:06:45.020617 2020] [mpm_winnt:notice] [pid 9656:tid 768] AH00418: Parent: Created child process 16268
[Thu Dec 10 15:06:45.361750 2020] [ssl:warn] [pid 16268:tid 620] AH01909: localhost:443:0 server certificate does NOT include an ID which matches the server name
[Thu Dec 10 15:06:45.424736 2020] [ssl:warn] [pid 16268:tid 620] AH01909: localhost:443:0 server certificate does NOT include an ID which matches the server name
[Thu Dec 10 15:06:45.442942 2020] [mpm_winnt:notice] [pid 16268:tid 620] AH00354: Child: Starting 64 worker threads.
[Thu Dec 10 15:22:26.965024 2020] [php7:error] [pid 16268:tid 1284] [client 127.0.0.1:64113] PHP Fatal error:  Maximum execution time of 120 seconds exceeded in D:\\wordpress\\wordpress\\apps\\wordpress\\htdocs\\wp-includes\\Requests\\Transport\\cURL.php on line 463, referer: http://127.0.0.1/wordpress/wp-admin/update-core.php
[Thu Dec 10 16:30:56.062600 2020] [mpm_winnt:notice] [pid 9656:tid 768] AH00428: Parent: child process 16268 exited with status 3221226356 -- Restarting.
[Thu Dec 10 16:30:57.152540 2020] [ssl:warn] [pid 9656:tid 768] AH01909: localhost:443:0 server certificate does NOT include an ID which matches the server name
[Thu Dec 10 16:30:57.323188 2020] [mpm_winnt:notice] [pid 9656:tid 768] AH00455: Apache/2.4.46 (Win64) OpenSSL/1.1.1h PHP/7.4.12 configured -- resuming normal operations
[Thu Dec 10 16:30:57.323188 2020] [mpm_winnt:notice] [pid 9656:tid 768] AH00456: Apache Lounge VC15 Server built: Oct  3 2020 12:58:33
[Thu Dec 10 16:30:57.323188 2020] [core:notice] [pid 9656:tid 768] AH00094: Command line: 'D:\\WORDPR~1\\WORDPR~1\\apache2\\bin\\httpd.exe -d D:/wordpress/wordpress/apache2 -f D:\\WORDPR~1\\WORDPR~1\\apache2\\conf\\httpd.conf'
[Thu Dec 10 16:30:57.354052 2020] [mpm_winnt:notice] [pid 9656:tid 768] AH00418: Parent: Created child process 5788
[Thu Dec 10 16:30:59.001282 2020] [ssl:warn] [pid 5788:tid 636] AH01909: localhost:443:0 server certificate does NOT include an ID which matches the server name
[Thu Dec 10 16:30:59.046124 2020] [ssl:warn] [pid 5788:tid 636] AH01909: localhost:443:0 server certificate does NOT include an ID which matches the server name
[Thu Dec 10 16:30:59.061117 2020] [mpm_winnt:notice] [pid 5788:tid 636] AH00354: Child: Starting 64 worker threads.
[Thu Dec 10 20:38:01.471663 2020] [mpm_winnt:notice] [pid 9656:tid 768] AH00428: Parent: child process 5788 exited with status 3221226356 -- Restarting.
[Thu Dec 10 20:38:02.134887 2020] [ssl:warn] [pid 9656:tid 768] AH01909: localhost:443:0 server certificate does NOT include an ID which matches the server name
[Thu Dec 10 20:38:02.341335 2020] [mpm_winnt:notice] [pid 9656:tid 768] AH00455: Apache/2.4.46 (Win64) OpenSSL/1.1.1h PHP/7.4.12 configured -- resuming normal operations
[Thu Dec 10 20:38:02.341335 2020] [mpm_winnt:notice] [pid 9656:tid 768] AH00456: Apache Lounge VC15 Server built: Oct  3 2020 12:58:33
[Thu Dec 10 20:38:02.341335 2020] [core:notice] [pid 9656:tid 768] AH00094: Command line: 'D:\\WORDPR~1\\WORDPR~1\\apache2\\bin\\httpd.exe -d D:/wordpress/wordpress/apache2 -f D:\\WORDPR~1\\WORDPR~1\\apache2\\conf\\httpd.conf'
[Thu Dec 10 20:38:02.358290 2020] [mpm_winnt:notice] [pid 9656:tid 768] AH00418: Parent: Created child process 8700
[Thu Dec 10 20:38:04.223306 2020] [ssl:warn] [pid 8700:tid 564] AH01909: localhost:443:0 server certificate does NOT include an ID which matches the server name
[Thu Dec 10 20:38:04.268187 2020] [ssl:warn] [pid 8700:tid 564] AH01909: localhost:443:0 server certificate does NOT include an ID which matches the server name
[Thu Dec 10 20:38:04.289131 2020] [mpm_winnt:notice] [pid 8700:tid 564] AH00354: Child: Starting 64 worker threads.
[Thu Dec 10 22:01:25.757895 2020] [mpm_winnt:notice] [pid 9656:tid 768] AH00422: Parent: Received shutdown signal -- Shutting down the server.
[Thu Dec 10 22:01:27.811822 2020] [mpm_winnt:notice] [pid 8700:tid 564] AH00364: Child: All worker threads have exited.
[Thu Dec 10 22:01:30.076912 2020] [mpm_winnt:notice] [pid 9656:tid 768] AH00430: Parent: Child process 8700 exited successfully.
[Fri Dec 11 13:52:03.144659 2020] [ssl:warn] [pid 13044:tid 740] AH01909: localhost:443:0 server certificate does NOT include an ID which matches the server name
[Fri Dec 11 13:52:03.378056 2020] [ssl:warn] [pid 13044:tid 740] AH01909: localhost:443:0 server certificate does NOT include an ID which matches the server name
[Fri Dec 11 13:52:04.986012 2020] [mpm_winnt:notice] [pid 13044:tid 740] AH00455: Apache/2.4.46 (Win64) OpenSSL/1.1.1h PHP/7.4.12 configured -- resuming normal operations
[Fri Dec 11 13:52:04.986012 2020] [mpm_winnt:notice] [pid 13044:tid 740] AH00456: Apache Lounge VC15 Server built: Oct  3 2020 12:58:33
[Fri Dec 11 13:52:04.986012 2020] [core:notice] [pid 13044:tid 740] AH00094: Command line: 'D:\\WORDPR~1\\WORDPR~1\\apache2\\bin\\httpd.exe -d D:/wordpress/wordpress/apache2 -f D:\\WORDPR~1\\WORDPR~1\\apache2\\conf\\httpd.conf'
[Fri Dec 11 13:52:05.029760 2020] [mpm_winnt:notice] [pid 13044:tid 740] AH00418: Parent: Created child process 3212
[Fri Dec 11 13:52:05.898597 2020] [ssl:warn] [pid 3212:tid 148] AH01909: localhost:443:0 server certificate does NOT include an ID which matches the server name
[Fri Dec 11 13:52:05.983607 2020] [ssl:warn] [pid 3212:tid 148] AH01909: localhost:443:0 server certificate does NOT include an ID which matches the server name
[Fri Dec 11 13:52:06.027219 2020] [mpm_winnt:notice] [pid 3212:tid 148] AH00354: Child: Starting 64 worker threads.
[Sat Dec 12 12:43:15.967932 2020] [php7:warn] [pid 3212:tid 1240] [client ::1:60373] PHP Warning:  An unexpected error occurred. Something may be wrong with WordPress.org or this server&#8217;s configuration. If you continue to have problems, please try the <a href="https://wordpress.org/support/forums/">support forums</a>. (WordPress could not establish a secure connection to WordPress.org. Please contact your server administrator.) in D:\\wordpress\\wordpress\\apps\\wordpress\\htdocs\\wp-includes\\update.php on line 168, referer: http://localhost:10080/wordpress/wp-admin/plugin-install.php
[Sat Dec 12 16:29:49.528966 2020] [mpm_winnt:notice] [pid 13044:tid 740] AH00428: Parent: child process 3212 exited with status 3221226356 -- Restarting.
[Sat Dec 12 16:29:50.485010 2020] [ssl:warn] [pid 13044:tid 740] AH01909: localhost:443:0 server certificate does NOT include an ID which matches the server name
[Sat Dec 12 16:29:50.718695 2020] [mpm_winnt:notice] [pid 13044:tid 740] AH00455: Apache/2.4.46 (Win64) OpenSSL/1.1.1h PHP/7.4.12 configured -- resuming normal operations
[Sat Dec 12 16:29:50.718695 2020] [mpm_winnt:notice] [pid 13044:tid 740] AH00456: Apache Lounge VC15 Server built: Oct  3 2020 12:58:33
[Sat Dec 12 16:29:50.718695 2020] [core:notice] [pid 13044:tid 740] AH00094: Command line: 'D:\\WORDPR~1\\WORDPR~1\\apache2\\bin\\httpd.exe -d D:/wordpress/wordpress/apache2 -f D:\\WORDPR~1\\WORDPR~1\\apache2\\conf\\httpd.conf'
[Sat Dec 12 16:29:50.726705 2020] [mpm_winnt:notice] [pid 13044:tid 740] AH00418: Parent: Created child process 2492
[Sat Dec 12 16:29:51.045821 2020] [ssl:warn] [pid 2492:tid 648] AH01909: localhost:443:0 server certificate does NOT include an ID which matches the server name
[Sat Dec 12 16:29:51.089020 2020] [ssl:warn] [pid 2492:tid 648] AH01909: localhost:443:0 server certificate does NOT include an ID which matches the server name
[Sat Dec 12 16:29:51.114006 2020] [mpm_winnt:notice] [pid 2492:tid 648] AH00354: Child: Starting 64 worker threads.
[Sat Dec 12 16:49:02.743229 2020] [mpm_winnt:notice] [pid 13044:tid 740] AH00422: Parent: Received shutdown signal -- Shutting down the server.
[Sat Dec 12 16:49:04.840124 2020] [mpm_winnt:notice] [pid 2492:tid 648] AH00364: Child: All worker threads have exited.
[Sat Dec 12 16:49:06.777147 2020] [mpm_winnt:notice] [pid 13044:tid 740] AH00430: Parent: Child process 2492 exited successfully.
[Sun Dec 13 19:10:28.287227 2020] [ssl:warn] [pid 9172:tid 724] AH01909: localhost:443:0 server certificate does NOT include an ID which matches the server name
[Sun Dec 13 19:10:28.485688 2020] [ssl:warn] [pid 9172:tid 724] AH01909: localhost:443:0 server certificate does NOT include an ID which matches the server name
[Sun Dec 13 19:10:30.183956 2020] [mpm_winnt:notice] [pid 9172:tid 724] AH00455: Apache/2.4.46 (Win64) OpenSSL/1.1.1h PHP/7.4.12 configured -- resuming normal operations
[Sun Dec 13 19:10:30.183956 2020] [mpm_winnt:notice] [pid 9172:tid 724] AH00456: Apache Lounge VC15 Server built: Oct  3 2020 12:58:33
[Sun Dec 13 19:10:30.183956 2020] [core:notice] [pid 9172:tid 724] AH00094: Command line: 'D:\\WORDPR~1\\WORDPR~1\\apache2\\bin\\httpd.exe -d D:/wordpress/wordpress/apache2 -f D:\\WORDPR~1\\WORDPR~1\\apache2\\conf\\httpd.conf'
[Sun Dec 13 19:10:30.219808 2020] [mpm_winnt:notice] [pid 9172:tid 724] AH00418: Parent: Created child process 9072
[Sun Dec 13 19:10:30.940024 2020] [ssl:warn] [pid 9072:tid 532] AH01909: localhost:443:0 server certificate does NOT include an ID which matches the server name
[Sun Dec 13 19:10:31.119449 2020] [ssl:warn] [pid 9072:tid 532] AH01909: localhost:443:0 server certificate does NOT include an ID which matches the server name
[Sun Dec 13 19:10:31.188350 2020] [mpm_winnt:notice] [pid 9072:tid 532] AH00354: Child: Starting 64 worker threads.
[Sun Dec 13 19:51:41.798785 2020] [mpm_winnt:notice] [pid 9172:tid 724] AH00422: Parent: Received shutdown signal -- Shutting down the server.
[Sun Dec 13 19:51:43.833867 2020] [mpm_winnt:notice] [pid 9072:tid 532] AH00364: Child: All worker threads have exited.
[Sun Dec 13 19:51:48.771906 2020] [mpm_winnt:notice] [pid 9172:tid 724] AH00430: Parent: Child process 9072 exited successfully.
[Tue Dec 15 14:03:11.798957 2020] [ssl:warn] [pid 6744:tid 740] AH01909: localhost:443:0 server certificate does NOT include an ID which matches the server name
[Tue Dec 15 14:03:11.946883 2020] [ssl:warn] [pid 6744:tid 740] AH01909: localhost:443:0 server certificate does NOT include an ID which matches the server name
[Tue Dec 15 14:03:13.003281 2020] [mpm_winnt:notice] [pid 6744:tid 740] AH00455: Apache/2.4.46 (Win64) OpenSSL/1.1.1h PHP/7.4.12 configured -- resuming normal operations
[Tue Dec 15 14:03:13.003281 2020] [mpm_winnt:notice] [pid 6744:tid 740] AH00456: Apache Lounge VC15 Server built: Oct  3 2020 12:58:33
[Tue Dec 15 14:03:13.003281 2020] [core:notice] [pid 6744:tid 740] AH00094: Command line: 'D:\\WORDPR~1\\WORDPR~1\\apache2\\bin\\httpd.exe -d D:/wordpress/wordpress/apache2 -f D:\\WORDPR~1\\WORDPR~1\\apache2\\conf\\httpd.conf'
[Tue Dec 15 14:03:13.048216 2020] [mpm_winnt:notice] [pid 6744:tid 740] AH00418: Parent: Created child process 7028
[Tue Dec 15 14:03:13.358418 2020] [ssl:warn] [pid 7028:tid 564] AH01909: localhost:443:0 server certificate does NOT include an ID which matches the server name
[Tue Dec 15 14:03:13.421210 2020] [ssl:warn] [pid 7028:tid 564] AH01909: localhost:443:0 server certificate does NOT include an ID which matches the server name
[Tue Dec 15 14:03:13.440162 2020] [mpm_winnt:notice] [pid 7028:tid 564] AH00354: Child: Starting 64 worker threads.
[Tue Dec 15 16:36:49.357475 2020] [mpm_winnt:notice] [pid 6744:tid 740] AH00422: Parent: Received shutdown signal -- Shutting down the server.
[Tue Dec 15 16:36:51.401540 2020] [mpm_winnt:notice] [pid 7028:tid 564] AH00364: Child: All worker threads have exited.
[Tue Dec 15 16:36:57.179552 2020] [mpm_winnt:notice] [pid 6744:tid 740] AH00430: Parent: Child process 7028 exited successfully.
[Tue Dec 15 19:11:09.549725 2020] [ssl:warn] [pid 16552:tid 712] AH01909: localhost:443:0 server certificate does NOT include an ID which matches the server name
[Tue Dec 15 19:11:09.741564 2020] [ssl:warn] [pid 16552:tid 712] AH01909: localhost:443:0 server certificate does NOT include an ID which matches the server name
[Tue Dec 15 19:11:09.829085 2020] [mpm_winnt:notice] [pid 16552:tid 712] AH00455: Apache/2.4.46 (Win64) OpenSSL/1.1.1h PHP/7.4.12 configured -- resuming normal operations
[Tue Dec 15 19:11:09.829085 2020] [mpm_winnt:notice] [pid 16552:tid 712] AH00456: Apache Lounge VC15 Server built: Oct  3 2020 12:58:33
[Tue Dec 15 19:11:09.829085 2020] [core:notice] [pid 16552:tid 712] AH00094: Command line: 'D:\\WORDPR~1\\WORDPR~1\\apache2\\bin\\httpd.exe -d D:/wordpress/wordpress/apache2 -f D:\\WORDPR~1\\WORDPR~1\\apache2\\conf\\httpd.conf'
[Tue Dec 15 19:11:09.849945 2020] [mpm_winnt:notice] [pid 16552:tid 712] AH00418: Parent: Created child process 15544
[Tue Dec 15 19:11:10.759635 2020] [ssl:warn] [pid 15544:tid 632] AH01909: localhost:443:0 server certificate does NOT include an ID which matches the server name
[Tue Dec 15 19:11:10.901584 2020] [ssl:warn] [pid 15544:tid 632] AH01909: localhost:443:0 server certificate does NOT include an ID which matches the server name
[Tue Dec 15 19:11:11.058716 2020] [mpm_winnt:notice] [pid 15544:tid 632] AH00354: Child: Starting 64 worker threads.
[Tue Dec 15 19:24:09.098427 2020] [mpm_winnt:notice] [pid 16552:tid 712] AH00422: Parent: Received shutdown signal -- Shutting down the server.
[Tue Dec 15 19:24:11.175579 2020] [mpm_winnt:notice] [pid 15544:tid 632] AH00364: Child: All worker threads have exited.
[Tue Dec 15 19:24:16.981002 2020] [mpm_winnt:notice] [pid 16552:tid 712] AH00430: Parent: Child process 15544 exited successfully.
[Sat Dec 19 12:46:47.547475 2020] [ssl:warn] [pid 14260:tid 616] AH01909: localhost:443:0 server certificate does NOT include an ID which matches the server name
[Sat Dec 19 12:46:47.818899 2020] [ssl:warn] [pid 14260:tid 616] AH01909: localhost:443:0 server certificate does NOT include an ID which matches the server name
[Sat Dec 19 12:46:49.389104 2020] [mpm_winnt:notice] [pid 14260:tid 616] AH00455: Apache/2.4.46 (Win64) OpenSSL/1.1.1h PHP/7.4.12 configured -- resuming normal operations
[Sat Dec 19 12:46:49.389104 2020] [mpm_winnt:notice] [pid 14260:tid 616] AH00456: Apache Lounge VC15 Server built: Oct  3 2020 12:58:33
[Sat Dec 19 12:46:49.389104 2020] [core:notice] [pid 14260:tid 616] AH00094: Command line: 'D:\\WORDPR~1\\WORDPR~1\\apache2\\bin\\httpd.exe -d D:/wordpress/wordpress/apache2 -f D:\\WORDPR~1\\WORDPR~1\\apache2\\conf\\httpd.conf'
[Sat Dec 19 12:46:49.405793 2020] [mpm_winnt:notice] [pid 14260:tid 616] AH00418: Parent: Created child process 15224
[Sat Dec 19 12:46:50.146987 2020] [ssl:warn] [pid 15224:tid 632] AH01909: localhost:443:0 server certificate does NOT include an ID which matches the server name
[Sat Dec 19 12:46:50.306444 2020] [ssl:warn] [pid 15224:tid 632] AH01909: localhost:443:0 server certificate does NOT include an ID which matches the server name
[Sat Dec 19 12:46:50.365584 2020] [mpm_winnt:notice] [pid 15224:tid 632] AH00354: Child: Starting 64 worker threads.
[Sat Dec 19 13:40:40.871709 2020] [mpm_winnt:notice] [pid 14260:tid 616] AH00428: Parent: child process 15224 exited with status 3221226356 -- Restarting.
[Sat Dec 19 13:40:41.855627 2020] [ssl:warn] [pid 14260:tid 616] AH01909: localhost:443:0 server certificate does NOT include an ID which matches the server name
[Sat Dec 19 13:40:42.027122 2020] [mpm_winnt:notice] [pid 14260:tid 616] AH00455: Apache/2.4.46 (Win64) OpenSSL/1.1.1h PHP/7.4.12 configured -- resuming normal operations
[Sat Dec 19 13:40:42.027122 2020] [mpm_winnt:notice] [pid 14260:tid 616] AH00456: Apache Lounge VC15 Server built: Oct  3 2020 12:58:33
[Sat Dec 19 13:40:42.027122 2020] [core:notice] [pid 14260:tid 616] AH00094: Command line: 'D:\\WORDPR~1\\WORDPR~1\\apache2\\bin\\httpd.exe -d D:/wordpress/wordpress/apache2 -f D:\\WORDPR~1\\WORDPR~1\\apache2\\conf\\httpd.conf'
[Sat Dec 19 13:40:42.042084 2020] [mpm_winnt:notice] [pid 14260:tid 616] AH00418: Parent: Created child process 676
[Sat Dec 19 13:40:43.442804 2020] [ssl:warn] [pid 676:tid 696] AH01909: localhost:443:0 server certificate does NOT include an ID which matches the server name
[Sat Dec 19 13:40:43.576591 2020] [ssl:warn] [pid 676:tid 696] AH01909: localhost:443:0 server certificate does NOT include an ID which matches the server name
[Sat Dec 19 13:40:43.647229 2020] [mpm_winnt:notice] [pid 676:tid 696] AH00354: Child: Starting 64 worker threads.
[Sat Dec 19 13:41:48.561698 2020] [mpm_winnt:notice] [pid 14260:tid 616] AH00422: Parent: Received shutdown signal -- Shutting down the server.
[Sat Dec 19 13:41:50.569734 2020] [mpm_winnt:notice] [pid 676:tid 696] AH00364: Child: All worker threads have exited.
[Sat Dec 19 13:41:56.589803 2020] [mpm_winnt:notice] [pid 14260:tid 616] AH00430: Parent: Child process 676 exited successfully.
[Sat Dec 19 19:33:53.450392 2020] [ssl:warn] [pid 9324:tid 512] AH01909: localhost:443:0 server certificate does NOT include an ID which matches the server name
[Sat Dec 19 19:33:53.636607 2020] [ssl:warn] [pid 9324:tid 512] AH01909: localhost:443:0 server certificate does NOT include an ID which matches the server name
[Sat Dec 19 19:33:53.686585 2020] [mpm_winnt:notice] [pid 9324:tid 512] AH00455: Apache/2.4.46 (Win64) OpenSSL/1.1.1h PHP/7.4.12 configured -- resuming normal operations
[Sat Dec 19 19:33:53.686585 2020] [mpm_winnt:notice] [pid 9324:tid 512] AH00456: Apache Lounge VC15 Server built: Oct  3 2020 12:58:33
[Sat Dec 19 19:33:53.686585 2020] [core:notice] [pid 9324:tid 512] AH00094: Command line: 'D:\\WORDPR~1\\WORDPR~1\\apache2\\bin\\httpd.exe -d D:/wordpress/wordpress/apache2 -f D:\\WORDPR~1\\WORDPR~1\\apache2\\conf\\httpd.conf'
[Sat Dec 19 19:33:53.722361 2020] [mpm_winnt:notice] [pid 9324:tid 512] AH00418: Parent: Created child process 3124
[Sat Dec 19 19:33:54.599148 2020] [ssl:warn] [pid 3124:tid 684] AH01909: localhost:443:0 server certificate does NOT include an ID which matches the server name
[Sat Dec 19 19:33:54.784525 2020] [ssl:warn] [pid 3124:tid 684] AH01909: localhost:443:0 server certificate does NOT include an ID which matches the server name
[Sat Dec 19 19:33:54.853518 2020] [mpm_winnt:notice] [pid 3124:tid 684] AH00354: Child: Starting 64 worker threads.
[Sat Dec 19 20:52:11.104562 2020] [mpm_winnt:notice] [pid 9324:tid 512] AH00422: Parent: Received shutdown signal -- Shutting down the server.
[Sat Dec 19 20:52:13.128056 2020] [mpm_winnt:notice] [pid 3124:tid 684] AH00364: Child: All worker threads have exited.
[Sat Dec 19 20:52:20.497773 2020] [mpm_winnt:notice] [pid 9324:tid 512] AH00430: Parent: Child process 3124 exited successfully.
[Mon Dec 21 20:51:02.416153 2020] [ssl:warn] [pid 10508:tid 708] AH01909: localhost:443:0 server certificate does NOT include an ID which matches the server name
[Mon Dec 21 20:51:02.513887 2020] [ssl:warn] [pid 10508:tid 708] AH01909: localhost:443:0 server certificate does NOT include an ID which matches the server name
[Mon Dec 21 20:51:03.242948 2020] [mpm_winnt:notice] [pid 10508:tid 708] AH00455: Apache/2.4.46 (Win64) OpenSSL/1.1.1h PHP/7.4.12 configured -- resuming normal operations
[Mon Dec 21 20:51:03.242948 2020] [mpm_winnt:notice] [pid 10508:tid 708] AH00456: Apache Lounge VC15 Server built: Oct  3 2020 12:58:33
[Mon Dec 21 20:51:03.242948 2020] [core:notice] [pid 10508:tid 708] AH00094: Command line: 'D:\\WORDPR~1\\WORDPR~1\\apache2\\bin\\httpd.exe -d D:/wordpress/wordpress/apache2 -f D:\\WORDPR~1\\WORDPR~1\\apache2\\conf\\httpd.conf'
[Mon Dec 21 20:51:03.252880 2020] [mpm_winnt:notice] [pid 10508:tid 708] AH00418: Parent: Created child process 1856
[Mon Dec 21 20:51:03.622920 2020] [ssl:warn] [pid 1856:tid 552] AH01909: localhost:443:0 server certificate does NOT include an ID which matches the server name
[Mon Dec 21 20:51:03.688767 2020] [ssl:warn] [pid 1856:tid 552] AH01909: localhost:443:0 server certificate does NOT include an ID which matches the server name
[Mon Dec 21 20:51:03.706665 2020] [mpm_winnt:notice] [pid 1856:tid 552] AH00354: Child: Starting 64 worker threads.
[Mon Dec 21 21:32:40.318874 2020] [php7:warn] [pid 1856:tid 1296] [client ::1:60695] PHP Warning:  require(D:\\wordpress\\wordpress\\apps\\wordpress\\htdocs/wp-content/themes/twentytwenty/inc/template-functions.php): failed to open stream: No such file or directory in D:\\wordpress\\wordpress\\apps\\wordpress\\htdocs\\wp-content\\themes\\sublime-blog\\functions.php on line 269, referer: http://localhost:10080/wordpress/wp-admin/post.php?post=16&action=edit
[Mon Dec 21 21:32:40.326017 2020] [php7:error] [pid 1856:tid 1296] [client ::1:60695] PHP Fatal error:  require(): Failed opening required 'D:\\wordpress\\wordpress\\apps\\wordpress\\htdocs/wp-content/themes/twentytwenty/inc/template-functions.php' (include_path='.;C:\\php\\pear') in D:\\wordpress\\wordpress\\apps\\wordpress\\htdocs\\wp-content\\themes\\sublime-blog\\functions.php on line 269, referer: http://localhost:10080/wordpress/wp-admin/post.php?post=16&action=edit
[Mon Dec 21 21:42:10.966581 2020] [mpm_winnt:notice] [pid 10508:tid 708] AH00428: Parent: child process 1856 exited with status 3221226356 -- Restarting.
[Mon Dec 21 21:42:11.796833 2020] [ssl:warn] [pid 10508:tid 708] AH01909: localhost:443:0 server certificate does NOT include an ID which matches the server name
[Mon Dec 21 21:42:12.177717 2020] [mpm_winnt:notice] [pid 10508:tid 708] AH00455: Apache/2.4.46 (Win64) OpenSSL/1.1.1h PHP/7.4.12 configured -- resuming normal operations
[Mon Dec 21 21:42:12.177717 2020] [mpm_winnt:notice] [pid 10508:tid 708] AH00456: Apache Lounge VC15 Server built: Oct  3 2020 12:58:33
[Mon Dec 21 21:42:12.207400 2020] [core:notice] [pid 10508:tid 708] AH00094: Command line: 'D:\\WORDPR~1\\WORDPR~1\\apache2\\bin\\httpd.exe -d D:/wordpress/wordpress/apache2 -f D:\\WORDPR~1\\WORDPR~1\\apache2\\conf\\httpd.conf'
[Mon Dec 21 21:42:12.239501 2020] [mpm_winnt:notice] [pid 10508:tid 708] AH00418: Parent: Created child process 16116
[Mon Dec 21 21:42:13.168198 2020] [ssl:warn] [pid 16116:tid 648] AH01909: localhost:443:0 server certificate does NOT include an ID which matches the server name
[Mon Dec 21 21:42:13.332992 2020] [ssl:warn] [pid 16116:tid 648] AH01909: localhost:443:0 server certificate does NOT include an ID which matches the server name
[Mon Dec 21 21:42:13.395158 2020] [mpm_winnt:notice] [pid 16116:tid 648] AH00354: Child: Starting 64 worker threads.
[Mon Dec 21 21:52:18.007572 2020] [mpm_winnt:notice] [pid 10508:tid 708] AH00422: Parent: Received shutdown signal -- Shutting down the server.
[Mon Dec 21 21:52:20.056207 2020] [mpm_winnt:notice] [pid 16116:tid 648] AH00364: Child: All worker threads have exited.
[Mon Dec 21 21:52:23.135841 2020] [mpm_winnt:notice] [pid 10508:tid 708] AH00430: Parent: Child process 16116 exited successfully.
[Tue Dec 22 22:10:44.113973 2020] [ssl:warn] [pid 4084:tid 648] AH01909: localhost:443:0 server certificate does NOT include an ID which matches the server name
[Tue Dec 22 22:10:44.238935 2020] [ssl:warn] [pid 4084:tid 648] AH01909: localhost:443:0 server certificate does NOT include an ID which matches the server name
[Tue Dec 22 22:10:45.047880 2020] [mpm_winnt:notice] [pid 4084:tid 648] AH00455: Apache/2.4.46 (Win64) OpenSSL/1.1.1h PHP/7.4.12 configured -- resuming normal operations
[Tue Dec 22 22:10:45.047880 2020] [mpm_winnt:notice] [pid 4084:tid 648] AH00456: Apache Lounge VC15 Server built: Oct  3 2020 12:58:33
[Tue Dec 22 22:10:45.047880 2020] [core:notice] [pid 4084:tid 648] AH00094: Command line: 'D:\\WORDPR~1\\WORDPR~1\\apache2\\bin\\httpd.exe -d D:/wordpress/wordpress/apache2 -f D:\\WORDPR~1\\WORDPR~1\\apache2\\conf\\httpd.conf'
[Tue Dec 22 22:10:45.058814 2020] [mpm_winnt:notice] [pid 4084:tid 648] AH00418: Parent: Created child process 8172
[Tue Dec 22 22:10:45.352072 2020] [ssl:warn] [pid 8172:tid 644] AH01909: localhost:443:0 server certificate does NOT include an ID which matches the server name
[Tue Dec 22 22:10:45.411908 2020] [ssl:warn] [pid 8172:tid 644] AH01909: localhost:443:0 server certificate does NOT include an ID which matches the server name
[Tue Dec 22 22:10:45.428875 2020] [mpm_winnt:notice] [pid 8172:tid 644] AH00354: Child: Starting 64 worker threads.
[Tue Dec 22 23:10:58.401556 2020] [mpm_winnt:notice] [pid 4084:tid 648] AH00422: Parent: Received shutdown signal -- Shutting down the server.
[Tue Dec 22 23:11:00.442882 2020] [mpm_winnt:notice] [pid 8172:tid 644] AH00364: Child: All worker threads have exited.
[Tue Dec 22 23:11:04.387000 2020] [mpm_winnt:notice] [pid 4084:tid 648] AH00430: Parent: Child process 8172 exited successfully.
[Wed Dec 23 09:21:08.138267 2020] [ssl:warn] [pid 14300:tid 628] AH01909: localhost:443:0 server certificate does NOT include an ID which matches the server name
[Wed Dec 23 09:21:08.377310 2020] [ssl:warn] [pid 14300:tid 628] AH01909: localhost:443:0 server certificate does NOT include an ID which matches the server name
[Wed Dec 23 09:21:09.594428 2020] [mpm_winnt:notice] [pid 14300:tid 628] AH00455: Apache/2.4.46 (Win64) OpenSSL/1.1.1h PHP/7.4.12 configured -- resuming normal operations
[Wed Dec 23 09:21:09.594428 2020] [mpm_winnt:notice] [pid 14300:tid 628] AH00456: Apache Lounge VC15 Server built: Oct  3 2020 12:58:33
[Wed Dec 23 09:21:09.594428 2020] [core:notice] [pid 14300:tid 628] AH00094: Command line: 'D:\\WORDPR~1\\WORDPR~1\\apache2\\bin\\httpd.exe -d D:/wordpress/wordpress/apache2 -f D:\\WORDPR~1\\WORDPR~1\\apache2\\conf\\httpd.conf'
[Wed Dec 23 09:21:09.629524 2020] [mpm_winnt:notice] [pid 14300:tid 628] AH00418: Parent: Created child process 15092
[Wed Dec 23 09:21:10.339946 2020] [ssl:warn] [pid 15092:tid 540] AH01909: localhost:443:0 server certificate does NOT include an ID which matches the server name
[Wed Dec 23 09:21:10.502722 2020] [ssl:warn] [pid 15092:tid 540] AH01909: localhost:443:0 server certificate does NOT include an ID which matches the server name
[Wed Dec 23 09:21:10.559732 2020] [mpm_winnt:notice] [pid 15092:tid 540] AH00354: Child: Starting 64 worker threads.
[Wed Dec 23 10:15:36.492345 2020] [mpm_winnt:notice] [pid 14300:tid 628] AH00422: Parent: Received shutdown signal -- Shutting down the server.
[Wed Dec 23 10:15:38.544822 2020] [mpm_winnt:notice] [pid 15092:tid 540] AH00364: Child: All worker threads have exited.
[Wed Dec 23 10:15:42.144715 2020] [mpm_winnt:notice] [pid 14300:tid 628] AH00430: Parent: Child process 15092 exited successfully.
[Wed Dec 23 10:15:59.392000 2020] [ssl:warn] [pid 5028:tid 732] AH01909: localhost:443:0 server certificate does NOT include an ID which matches the server name
[Wed Dec 23 10:15:59.448846 2020] [ssl:warn] [pid 5028:tid 732] AH01909: localhost:443:0 server certificate does NOT include an ID which matches the server name
[Wed Dec 23 10:15:59.464806 2020] [mpm_winnt:notice] [pid 5028:tid 732] AH00455: Apache/2.4.46 (Win64) OpenSSL/1.1.1h PHP/7.4.12 configured -- resuming normal operations
[Wed Dec 23 10:15:59.464806 2020] [mpm_winnt:notice] [pid 5028:tid 732] AH00456: Apache Lounge VC15 Server built: Oct  3 2020 12:58:33
[Wed Dec 23 10:15:59.464806 2020] [core:notice] [pid 5028:tid 732] AH00094: Command line: 'D:\\WORDPR~1\\WORDPR~1\\apache2\\bin\\httpd.exe -d D:/wordpress/wordpress/apache2 -f D:\\WORDPR~1\\WORDPR~1\\apache2\\conf\\httpd.conf'
[Wed Dec 23 10:15:59.468756 2020] [mpm_winnt:notice] [pid 5028:tid 732] AH00418: Parent: Created child process 6788
[Wed Dec 23 10:15:59.797335 2020] [ssl:warn] [pid 6788:tid 652] AH01909: localhost:443:0 server certificate does NOT include an ID which matches the server name
[Wed Dec 23 10:15:59.877111 2020] [ssl:warn] [pid 6788:tid 652] AH01909: localhost:443:0 server certificate does NOT include an ID which matches the server name
[Wed Dec 23 10:15:59.891095 2020] [mpm_winnt:notice] [pid 6788:tid 652] AH00354: Child: Starting 64 worker threads.
[Wed Dec 23 11:24:10.242548 2020] [mpm_winnt:notice] [pid 5028:tid 732] AH00428: Parent: child process 6788 exited with status 3221226356 -- Restarting.
[Wed Dec 23 11:24:10.784660 2020] [ssl:warn] [pid 5028:tid 732] AH01909: localhost:443:0 server certificate does NOT include an ID which matches the server name
[Wed Dec 23 11:24:10.897402 2020] [mpm_winnt:notice] [pid 5028:tid 732] AH00455: Apache/2.4.46 (Win64) OpenSSL/1.1.1h PHP/7.4.12 configured -- resuming normal operations
[Wed Dec 23 11:24:10.897402 2020] [mpm_winnt:notice] [pid 5028:tid 732] AH00456: Apache Lounge VC15 Server built: Oct  3 2020 12:58:33
[Wed Dec 23 11:24:10.897402 2020] [core:notice] [pid 5028:tid 732] AH00094: Command line: 'D:\\WORDPR~1\\WORDPR~1\\apache2\\bin\\httpd.exe -d D:/wordpress/wordpress/apache2 -f D:\\WORDPR~1\\WORDPR~1\\apache2\\conf\\httpd.conf'
[Wed Dec 23 11:24:10.905338 2020] [mpm_winnt:notice] [pid 5028:tid 732] AH00418: Parent: Created child process 2540
[Wed Dec 23 11:24:11.284389 2020] [ssl:warn] [pid 2540:tid 620] AH01909: localhost:443:0 server certificate does NOT include an ID which matches the server name
[Wed Dec 23 11:24:11.345200 2020] [ssl:warn] [pid 2540:tid 620] AH01909: localhost:443:0 server certificate does NOT include an ID which matches the server name
[Wed Dec 23 11:24:11.363152 2020] [mpm_winnt:notice] [pid 2540:tid 620] AH00354: Child: Starting 64 worker threads.
[Wed Dec 23 11:26:10.569397 2020] [mpm_winnt:notice] [pid 5028:tid 732] AH00428: Parent: child process 2540 exited with status 3221226356 -- Restarting.
[Wed Dec 23 11:26:10.940498 2020] [ssl:warn] [pid 5028:tid 732] AH01909: localhost:443:0 server certificate does NOT include an ID which matches the server name
[Wed Dec 23 11:26:11.065165 2020] [mpm_winnt:notice] [pid 5028:tid 732] AH00455: Apache/2.4.46 (Win64) OpenSSL/1.1.1h PHP/7.4.12 configured -- resuming normal operations
[Wed Dec 23 11:26:11.065165 2020] [mpm_winnt:notice] [pid 5028:tid 732] AH00456: Apache Lounge VC15 Server built: Oct  3 2020 12:58:33
[Wed Dec 23 11:26:11.065165 2020] [core:notice] [pid 5028:tid 732] AH00094: Command line: 'D:\\WORDPR~1\\WORDPR~1\\apache2\\bin\\httpd.exe -d D:/wordpress/wordpress/apache2 -f D:\\WORDPR~1\\WORDPR~1\\apache2\\conf\\httpd.conf'
[Wed Dec 23 11:26:11.069158 2020] [mpm_winnt:notice] [pid 5028:tid 732] AH00418: Parent: Created child process 1276
[Wed Dec 23 11:26:11.388299 2020] [ssl:warn] [pid 1276:tid 684] AH01909: localhost:443:0 server certificate does NOT include an ID which matches the server name
[Wed Dec 23 11:26:11.439164 2020] [ssl:warn] [pid 1276:tid 684] AH01909: localhost:443:0 server certificate does NOT include an ID which matches the server name
[Wed Dec 23 11:26:11.455120 2020] [mpm_winnt:notice] [pid 1276:tid 684] AH00354: Child: Starting 64 worker threads.
[Wed Dec 23 11:34:08.336950 2020] [mpm_winnt:notice] [pid 5028:tid 732] AH00428: Parent: child process 1276 exited with status 3221226356 -- Restarting.
[Wed Dec 23 11:34:08.937344 2020] [ssl:warn] [pid 5028:tid 732] AH01909: localhost:443:0 server certificate does NOT include an ID which matches the server name
[Wed Dec 23 11:34:09.091936 2020] [mpm_winnt:notice] [pid 5028:tid 732] AH00455: Apache/2.4.46 (Win64) OpenSSL/1.1.1h PHP/7.4.12 configured -- resuming normal operations
[Wed Dec 23 11:34:09.091936 2020] [mpm_winnt:notice] [pid 5028:tid 732] AH00456: Apache Lounge VC15 Server built: Oct  3 2020 12:58:33
[Wed Dec 23 11:34:09.091936 2020] [core:notice] [pid 5028:tid 732] AH00094: Command line: 'D:\\WORDPR~1\\WORDPR~1\\apache2\\bin\\httpd.exe -d D:/wordpress/wordpress/apache2 -f D:\\WORDPR~1\\WORDPR~1\\apache2\\conf\\httpd.conf'
[Wed Dec 23 11:34:09.119855 2020] [mpm_winnt:notice] [pid 5028:tid 732] AH00418: Parent: Created child process 15064
[Wed Dec 23 11:34:12.075102 2020] [ssl:warn] [pid 15064:tid 700] AH01909: localhost:443:0 server certificate does NOT include an ID which matches the server name
[Wed Dec 23 11:34:12.148941 2020] [ssl:warn] [pid 15064:tid 700] AH01909: localhost:443:0 server certificate does NOT include an ID which matches the server name
[Wed Dec 23 11:34:12.176861 2020] [mpm_winnt:notice] [pid 15064:tid 700] AH00354: Child: Starting 64 worker threads.
[Wed Dec 23 12:28:42.179318 2020] [mpm_winnt:notice] [pid 5028:tid 732] AH00422: Parent: Received shutdown signal -- Shutting down the server.
[Wed Dec 23 12:28:44.212294 2020] [mpm_winnt:notice] [pid 15064:tid 700] AH00364: Child: All worker threads have exited.
[Wed Dec 23 12:28:47.779279 2020] [mpm_winnt:notice] [pid 5028:tid 732] AH00430: Parent: Child process 15064 exited successfully.
[Wed Dec 23 19:56:49.035737 2020] [ssl:warn] [pid 15552:tid 816] AH01909: localhost:443:0 server certificate does NOT include an ID which matches the server name
[Wed Dec 23 19:56:49.137759 2020] [ssl:warn] [pid 15552:tid 816] AH01909: localhost:443:0 server certificate does NOT include an ID which matches the server name
[Wed Dec 23 19:56:49.550653 2020] [mpm_winnt:notice] [pid 15552:tid 816] AH00455: Apache/2.4.46 (Win64) OpenSSL/1.1.1h PHP/7.4.12 configured -- resuming normal operations
[Wed Dec 23 19:56:49.551665 2020] [mpm_winnt:notice] [pid 15552:tid 816] AH00456: Apache Lounge VC15 Server built: Oct  3 2020 12:58:33
[Wed Dec 23 19:56:49.551665 2020] [core:notice] [pid 15552:tid 816] AH00094: Command line: 'D:\\WORDPR~1\\WORDPR~1\\apache2\\bin\\httpd.exe -d D:/wordpress/wordpress/apache2 -f D:\\WORDPR~1\\WORDPR~1\\apache2\\conf\\httpd.conf'
[Wed Dec 23 19:56:49.557634 2020] [mpm_winnt:notice] [pid 15552:tid 816] AH00418: Parent: Created child process 16604
[Wed Dec 23 19:56:49.923300 2020] [ssl:warn] [pid 16604:tid 704] AH01909: localhost:443:0 server certificate does NOT include an ID which matches the server name
[Wed Dec 23 19:56:49.973617 2020] [ssl:warn] [pid 16604:tid 704] AH01909: localhost:443:0 server certificate does NOT include an ID which matches the server name
[Wed Dec 23 19:56:49.989575 2020] [mpm_winnt:notice] [pid 16604:tid 704] AH00354: Child: Starting 64 worker threads.
[Wed Dec 23 19:59:09.004342 2020] [mpm_winnt:notice] [pid 15552:tid 816] AH00428: Parent: child process 16604 exited with status 3221226356 -- Restarting.
[Wed Dec 23 19:59:09.560598 2020] [ssl:warn] [pid 15552:tid 816] AH01909: localhost:443:0 server certificate does NOT include an ID which matches the server name
[Wed Dec 23 19:59:09.634429 2020] [mpm_winnt:notice] [pid 15552:tid 816] AH00455: Apache/2.4.46 (Win64) OpenSSL/1.1.1h PHP/7.4.12 configured -- resuming normal operations
[Wed Dec 23 19:59:09.634429 2020] [mpm_winnt:notice] [pid 15552:tid 816] AH00456: Apache Lounge VC15 Server built: Oct  3 2020 12:58:33
[Wed Dec 23 19:59:09.634429 2020] [core:notice] [pid 15552:tid 816] AH00094: Command line: 'D:\\WORDPR~1\\WORDPR~1\\apache2\\bin\\httpd.exe -d D:/wordpress/wordpress/apache2 -f D:\\WORDPR~1\\WORDPR~1\\apache2\\conf\\httpd.conf'
[Wed Dec 23 19:59:09.644376 2020] [mpm_winnt:notice] [pid 15552:tid 816] AH00418: Parent: Created child process 6232
[Wed Dec 23 19:59:10.062141 2020] [ssl:warn] [pid 6232:tid 632] AH01909: localhost:443:0 server certificate does NOT include an ID which matches the server name
[Wed Dec 23 19:59:10.112009 2020] [ssl:warn] [pid 6232:tid 632] AH01909: localhost:443:0 server certificate does NOT include an ID which matches the server name
[Wed Dec 23 19:59:10.126929 2020] [mpm_winnt:notice] [pid 6232:tid 632] AH00354: Child: Starting 64 worker threads.
[Wed Dec 23 23:42:21.463002 2020] [ssl:warn] [pid 18448:tid 764] AH01909: localhost:443:0 server certificate does NOT include an ID which matches the server name
[Wed Dec 23 23:42:21.581339 2020] [core:warn] [pid 18448:tid 764] AH00098: pid file D:/wordpress/wordpress/apache2/logs/httpd.pid overwritten -- Unclean shutdown of previous Apache run?
[Wed Dec 23 23:42:21.591272 2020] [ssl:warn] [pid 18448:tid 764] AH01909: localhost:443:0 server certificate does NOT include an ID which matches the server name
[Wed Dec 23 23:42:22.131562 2020] [mpm_winnt:notice] [pid 18448:tid 764] AH00455: Apache/2.4.46 (Win64) OpenSSL/1.1.1h PHP/7.4.12 configured -- resuming normal operations
[Wed Dec 23 23:42:22.131562 2020] [mpm_winnt:notice] [pid 18448:tid 764] AH00456: Apache Lounge VC15 Server built: Oct  3 2020 12:58:33
[Wed Dec 23 23:42:22.131562 2020] [core:notice] [pid 18448:tid 764] AH00094: Command line: 'D:\\WORDPR~1\\WORDPR~1\\apache2\\bin\\httpd.exe -d D:/wordpress/wordpress/apache2 -f D:\\WORDPR~1\\WORDPR~1\\apache2\\conf\\httpd.conf'
[Wed Dec 23 23:42:22.194394 2020] [mpm_winnt:notice] [pid 18448:tid 764] AH00418: Parent: Created child process 5360
[Wed Dec 23 23:42:22.586904 2020] [ssl:warn] [pid 5360:tid 652] AH01909: localhost:443:0 server certificate does NOT include an ID which matches the server name
[Wed Dec 23 23:42:22.660707 2020] [ssl:warn] [pid 5360:tid 652] AH01909: localhost:443:0 server certificate does NOT include an ID which matches the server name
[Wed Dec 23 23:42:22.691625 2020] [mpm_winnt:notice] [pid 5360:tid 652] AH00354: Child: Starting 64 worker threads.
[Wed Dec 23 23:57:09.670066 2020] [mpm_winnt:notice] [pid 18448:tid 764] AH00422: Parent: Received shutdown signal -- Shutting down the server.
[Wed Dec 23 23:57:11.705778 2020] [mpm_winnt:notice] [pid 5360:tid 652] AH00364: Child: All worker threads have exited.
[Wed Dec 23 23:57:17.715164 2020] [mpm_winnt:notice] [pid 18448:tid 764] AH00430: Parent: Child process 5360 exited successfully.
[Thu Dec 24 00:16:46.355855 2020] [ssl:warn] [pid 948:tid 688] AH01909: localhost:443:0 server certificate does NOT include an ID which matches the server name
[Thu Dec 24 00:16:46.720917 2020] [ssl:warn] [pid 948:tid 688] AH01909: localhost:443:0 server certificate does NOT include an ID which matches the server name
[Thu Dec 24 00:16:48.085540 2020] [mpm_winnt:notice] [pid 948:tid 688] AH00455: Apache/2.4.46 (Win64) OpenSSL/1.1.1h PHP/7.4.12 configured -- resuming normal operations
[Thu Dec 24 00:16:48.085540 2020] [mpm_winnt:notice] [pid 948:tid 688] AH00456: Apache Lounge VC15 Server built: Oct  3 2020 12:58:33
[Thu Dec 24 00:16:48.085540 2020] [core:notice] [pid 948:tid 688] AH00094: Command line: 'D:\\WORDPR~1\\WORDPR~1\\apache2\\bin\\httpd.exe -d D:/wordpress/wordpress/apache2 -f D:\\WORDPR~1\\WORDPR~1\\apache2\\conf\\httpd.conf'
[Thu Dec 24 00:16:48.107426 2020] [mpm_winnt:notice] [pid 948:tid 688] AH00418: Parent: Created child process 6672
[Thu Dec 24 00:16:49.010046 2020] [ssl:warn] [pid 6672:tid 636] AH01909: localhost:443:0 server certificate does NOT include an ID which matches the server name
[Thu Dec 24 00:16:49.191645 2020] [ssl:warn] [pid 6672:tid 636] AH01909: localhost:443:0 server certificate does NOT include an ID which matches the server name
[Thu Dec 24 00:16:49.262343 2020] [mpm_winnt:notice] [pid 6672:tid 636] AH00354: Child: Starting 64 worker threads.
